<?xml version="1.0" encoding="UTF-8"?>
<!-- Generated by org.testng.reporters.JUnitReportReporter -->
<testsuite skipped="2" hostname="DESKTOP-UPRR8E8" name="com.insurance_calaculation_motorcycle.Error_Testt_Motorcycle" tests="3" failures="0" timestamp="2022-09-24T01:51:46 PDT" time="74.804" errors="0">
  <testcase name="verify_ModelDropDownOption" time="74.804" classname="com.insurance_calaculation_motorcycle.Error_Testt_Motorcycle"/>
  <system-out/>
  <testcase name="errormessage_payload2" classname="com.insurance_calaculation_motorcycle.Error_Testt_Motorcycle">
    <skipped/>
  </testcase> <!-- errormessage_payload2 -->
  <system-out/>
  <testcase name="errormessage_payload" classname="com.insurance_calaculation_motorcycle.Error_Testt_Motorcycle">
    <skipped/>
  </testcase> <!-- errormessage_payload -->
  <system-out/>
</testsuite> <!-- com.insurance_calaculation_motorcycle.Error_Testt_Motorcycle -->
